Arguments: 
  C:\Program Files\nodejs\node.exe C:\Program Files (x86)\Yarn\bin\yarn.js add react-native-paper

PATH: 
  C:\Program Files (x86)\Common Files\Oracle\Java\javapath;C:\WINDOWS\system32;C:\WINDOWS;C:\WINDOWS\System32\Wbem;C:\WINDOWS\System32\WindowsPowerShell\v1.0\;C:\WINDOWS\System32\OpenSSH\;C:\Program Files\Java\jdk1.8.0_181\bin\;C:\Program Files\Calibre2\;F:\Program Files\MATLAB\MATLAB Production Server\R2015a\runtime\win64;F:\Program Files\MATLAB\MATLAB Production Server\R2015a\bin;C:\Program Files\nodejs\;C:\Program Files\Git\cmd;C:\Program Files (x86)\Yarn\bin\;C:\Users\Ivan\AppData\Local\Android\Sdk\platform-tools;C:\Program Files\Mullvad VPN\resources;C:\Users\Ivan\AppData\Local\Programs\Python\Python37\Scripts\;C:\Users\Ivan\AppData\Local\Programs\Python\Python37\;C:\Users\Ivan\AppData\Local\Microsoft\WindowsApps;C:\Program Files\Java\jdk1.8.0_181\bin;C:\Users\Ivan\AppData\Local\Programs\Microsoft VS Code\bin;C:\Users\Ivan\AppData\Roaming\npm;C:\Users\Ivan\AppData\Local\GitHubDesktop\bin;C:\Users\Ivan\AppData\Roaming\Amazon;C:\Users\Ivan\AppData\Local\Yarn\bin;C:\Apps\liquibase-3.8.2;C:\Users\Ivan\AppData\Local\Android\Sdk\platform-tools;

Yarn version: 
  1.19.2

Node version: 
  10.15.3

Platform: 
  win32 x64

Trace: 
  Error: EPERM: operation not permitted, unlink 'F:\Documents\FAKULTET - MATERIJAL\ČETVRTA GOD\Mobilno\SportAggregator\sport-aggregator\football-aggregator\node_modules\@babel\helper-call-delegate\lib'

npm manifest: 
  {
    "main": "node_modules/expo/AppEntry.js",
    "scripts": {
      "start": "expo start",
      "android": "expo start --android",
      "ios": "expo start --ios",
      "web": "expo start --web",
      "eject": "expo eject"
    },
    "dependencies": {
      "@babel/core": "^7.9.0",
      "@babel/runtime": "^7.9.2",
      "@react-native-community/async-storage": "^1.6.3",
      "@react-native-community/masked-view": "^0.1.7",
      "@react-navigation/bottom-tabs": "^5.2.6",
      "@react-navigation/native": "^5.1.5",
      "@react-navigation/stack": "^5.2.10",
      "axios": "^0.19.0",
      "expo": "^35.0.0",
      "g": "^2.0.1",
      "react": "16.8.3",
      "react-async": "^10.0.0",
      "react-dom": "16.8.3",
      "react-native": "https://github.com/expo/react-native/archive/sdk-35.0.0.tar.gz",
      "react-native-elements": "^2.0.0",
      "react-native-gesture-handler": "~1.3.0",
      "react-native-inappbrowser-reborn": "^3.4.0",
      "react-native-reanimated": "~1.2.0",
      "react-native-safe-area-context": "~0.3.6",
      "react-native-screens": "~1.0.0-alpha.23",
      "react-native-svg": "9.9.5",
      "react-native-web": "^0.11.7",
      "react-navigation": "^4.0.10",
      "react-navigation-stack": "^1.10.3",
      "react-navigation-tabs": "^2.8.11",
      "react-redux": "^7.2.0",
      "redux": "^4.0.5",
      "yarn": "^1.21.0"
    },
    "devDependencies": {
      "babel-preset-expo": "^7.1.0"
    },
    "private": true
  }

yarn manifest: 
  No manifest

Lockfile: 
  No lockfile
